<?xml version="1.0" encoding="utf-8"?><testsuites name="pytest tests"><testsuite name="pytest" errors="0" failures="0" skipped="0" tests="6" time="1.021" timestamp="2026-06-24T09:57:54.667810+00:00" hostname="agent-env-47dc4fc1-5f50-485f-aa68-91b0010dfe41"><testcase classname="backend.tests.test_contact_api" name="test_root_alive" time="0.356" /><testcase classname="backend.tests.test_contact_api" name="test_contact_create_valid_and_persist" time="0.293" /><testcase classname="backend.tests.test_contact_api" name="test_contact_invalid_email_422" time="0.080" /><testcase classname="backend.tests.test_contact_api" name="test_contact_missing_required_fields_422" time="0.077" /><testcase classname="backend.tests.test_contact_api" name="test_contact_minimal_payload" time="0.039" /><testcase classname="backend.tests.test_contact_api" name="test_contacts_list_sorted_desc" time="0.114" /></testsuite></testsuites>